[2017-01-21 16:08:41] app.INFO: Matched route "{route}". {"route":"GET_","route_parameters":{"_controller":"[object] (Closure: {})","_route":"GET_"},"request_uri":"http://cms.resultants-e.nl/","method":"GET"} []
[2017-01-21 16:08:41] app.DEBUG: > GET / [] []
[2017-01-21 16:08:41] app.CRITICAL: Twig_Error_Runtime: Key "year" for array with keys "sitename, sitesubname, analytics, themename" does not exist. (uncaught exception) at /var/www/cms/App/Views/footer.twig line 32 {"exception":"[object] (Twig_Error_Runtime(code: 0): Key \"year\" for array with keys \"sitename, sitesubname, analytics, themename\" does not exist. at /var/www/cms/App/Views/footer.twig:32)"} []
[2017-01-21 16:08:41] app.DEBUG: We've got ourselves a little problem! [] []
[2017-01-21 16:08:41] app.DEBUG: Code : 500 [] []
[2017-01-21 16:08:41] app.DEBUG: Message :  Key "year" for array with keys "sitename, sitesubname, analytics, themename" does not exist. [] []
[2017-01-21 16:08:41] app.DEBUG: File :  /var/www/cms/App/Views/footer.twig [] []
[2017-01-21 16:08:41] app.DEBUG: Line :  32 [] []
[2017-01-21 16:08:41] app.DEBUG: < 500 [] []
[2017-01-21 16:08:41] app.INFO: Matched route "{route}". {"route":"GET_name","route_parameters":{"_controller":"[object] (Closure: {})","name":"favicon.ico","_route":"GET_name"},"request_uri":"http://cms.resultants-e.nl/favicon.ico","method":"GET"} []
[2017-01-21 16:08:41] app.DEBUG: > GET /favicon.ico [] []
[2017-01-21 16:08:41] app.DEBUG: < 200 [] []
[2017-01-21 16:09:16] app.INFO: Matched route "{route}". {"route":"GET_","route_parameters":{"_controller":"[object] (Closure: {})","_route":"GET_"},"request_uri":"http://cms.resultants-e.nl/","method":"GET"} []
[2017-01-21 16:09:16] app.DEBUG: > GET / [] []
[2017-01-21 16:09:16] app.DEBUG: < 200 [] []
[2017-01-21 16:09:16] app.ERROR: Symfony\Component\HttpKernel\Exception\NotFoundHttpException: No route found for "GET /themes/clean-blogcss/clean-blog.min.css" (from "http://cms.resultants-e.nl/") (uncaught exception) at /var/www/cms/vendor/symfony/http-kernel/EventListener/RouterListener.php line 125 {"exception":"[object] (Symfony\\Component\\HttpKernel\\Exception\\NotFoundHttpException(code: 0): No route found for \"GET /themes/clean-blogcss/clean-blog.min.css\" (from \"http://cms.resultants-e.nl/\") at /var/www/cms/vendor/symfony/http-kernel/EventListener/RouterListener.php:125, Symfony\\Component\\Routing\\Exception\\ResourceNotFoundException(code: 0): No routes found for \"/themes/clean-blogcss/clean-blog.min.css\". at /var/www/cms/vendor/symfony/routing/Matcher/UrlMatcher.php:98)"} []
[2017-01-21 16:09:16] app.INFO: Matched route "{route}". {"route":"GET_name","route_parameters":{"_controller":"[object] (Closure: {})","name":"favicon.ico","_route":"GET_name"},"request_uri":"http://cms.resultants-e.nl/favicon.ico","method":"GET"} []
[2017-01-21 16:09:16] app.DEBUG: > GET /favicon.ico [] []
[2017-01-21 16:09:16] app.DEBUG: < 200 [] []
[2017-01-21 16:09:26] app.INFO: Matched route "{route}". {"route":"GET_name","route_parameters":{"_controller":"[object] (Closure: {})","name":"over-ons","_route":"GET_name"},"request_uri":"http://cms.resultants-e.nl/over-ons","method":"GET"} []
[2017-01-21 16:09:26] app.DEBUG: > GET /over-ons [] []
[2017-01-21 16:09:26] app.DEBUG: < 200 [] []
[2017-01-21 16:09:26] app.ERROR: Symfony\Component\HttpKernel\Exception\NotFoundHttpException: No route found for "GET /themes/clean-blogcss/clean-blog.min.css" (from "http://cms.resultants-e.nl/over-ons") (uncaught exception) at /var/www/cms/vendor/symfony/http-kernel/EventListener/RouterListener.php line 125 {"exception":"[object] (Symfony\\Component\\HttpKernel\\Exception\\NotFoundHttpException(code: 0): No route found for \"GET /themes/clean-blogcss/clean-blog.min.css\" (from \"http://cms.resultants-e.nl/over-ons\") at /var/www/cms/vendor/symfony/http-kernel/EventListener/RouterListener.php:125, Symfony\\Component\\Routing\\Exception\\ResourceNotFoundException(code: 0): No routes found for \"/themes/clean-blogcss/clean-blog.min.css\". at /var/www/cms/vendor/symfony/routing/Matcher/UrlMatcher.php:98)"} []
[2017-01-21 16:09:26] app.INFO: Matched route "{route}". {"route":"GET_name","route_parameters":{"_controller":"[object] (Closure: {})","name":"favicon.ico","_route":"GET_name"},"request_uri":"http://cms.resultants-e.nl/favicon.ico","method":"GET"} []
[2017-01-21 16:09:26] app.DEBUG: > GET /favicon.ico [] []
[2017-01-21 16:09:26] app.DEBUG: < 200 [] []
[2017-01-21 16:09:34] app.INFO: Matched route "{route}". {"route":"GET_name","route_parameters":{"_controller":"[object] (Closure: {})","name":"meer-info","_route":"GET_name"},"request_uri":"http://cms.resultants-e.nl/meer-info","method":"GET"} []
[2017-01-21 16:09:34] app.DEBUG: > GET /meer-info [] []
[2017-01-21 16:09:34] app.DEBUG: < 200 [] []
[2017-01-21 16:09:34] app.ERROR: Symfony\Component\HttpKernel\Exception\NotFoundHttpException: No route found for "GET /themes/clean-blogcss/clean-blog.min.css" (from "http://cms.resultants-e.nl/meer-info") (uncaught exception) at /var/www/cms/vendor/symfony/http-kernel/EventListener/RouterListener.php line 125 {"exception":"[object] (Symfony\\Component\\HttpKernel\\Exception\\NotFoundHttpException(code: 0): No route found for \"GET /themes/clean-blogcss/clean-blog.min.css\" (from \"http://cms.resultants-e.nl/meer-info\") at /var/www/cms/vendor/symfony/http-kernel/EventListener/RouterListener.php:125, Symfony\\Component\\Routing\\Exception\\ResourceNotFoundException(code: 0): No routes found for \"/themes/clean-blogcss/clean-blog.min.css\". at /var/www/cms/vendor/symfony/routing/Matcher/UrlMatcher.php:98)"} []
[2017-01-21 16:09:34] app.INFO: Matched route "{route}". {"route":"GET_name","route_parameters":{"_controller":"[object] (Closure: {})","name":"example-image.jpg","_route":"GET_name"},"request_uri":"http://cms.resultants-e.nl/example-image.jpg","method":"GET"} []
[2017-01-21 16:09:34] app.DEBUG: > GET /example-image.jpg [] []
[2017-01-21 16:09:34] app.DEBUG: < 200 [] []
[2017-01-21 16:09:34] app.INFO: Matched route "{route}". {"route":"GET_name","route_parameters":{"_controller":"[object] (Closure: {})","name":"example-image.jpg","_route":"GET_name"},"request_uri":"http://cms.resultants-e.nl/example-image.jpg","method":"GET"} []
[2017-01-21 16:09:34] app.DEBUG: > GET /example-image.jpg [] []
[2017-01-21 16:09:34] app.DEBUG: < 200 [] []
[2017-01-21 16:09:34] app.INFO: Matched route "{route}". {"route":"GET_name","route_parameters":{"_controller":"[object] (Closure: {})","name":"favicon.ico","_route":"GET_name"},"request_uri":"http://cms.resultants-e.nl/favicon.ico","method":"GET"} []
[2017-01-21 16:09:34] app.DEBUG: > GET /favicon.ico [] []
[2017-01-21 16:09:34] app.DEBUG: < 200 [] []
[2017-01-21 16:09:40] app.INFO: Matched route "{route}". {"route":"GET_name","route_parameters":{"_controller":"[object] (Closure: {})","name":"contact","_route":"GET_name"},"request_uri":"http://cms.resultants-e.nl/contact","method":"GET"} []
[2017-01-21 16:09:40] app.DEBUG: > GET /contact [] []
[2017-01-21 16:09:40] app.DEBUG: < 200 [] []
[2017-01-21 16:09:40] app.ERROR: Symfony\Component\HttpKernel\Exception\NotFoundHttpException: No route found for "GET /themes/clean-blogcss/clean-blog.min.css" (from "http://cms.resultants-e.nl/contact") (uncaught exception) at /var/www/cms/vendor/symfony/http-kernel/EventListener/RouterListener.php line 125 {"exception":"[object] (Symfony\\Component\\HttpKernel\\Exception\\NotFoundHttpException(code: 0): No route found for \"GET /themes/clean-blogcss/clean-blog.min.css\" (from \"http://cms.resultants-e.nl/contact\") at /var/www/cms/vendor/symfony/http-kernel/EventListener/RouterListener.php:125, Symfony\\Component\\Routing\\Exception\\ResourceNotFoundException(code: 0): No routes found for \"/themes/clean-blogcss/clean-blog.min.css\". at /var/www/cms/vendor/symfony/routing/Matcher/UrlMatcher.php:98)"} []
[2017-01-21 16:09:41] app.INFO: Matched route "{route}". {"route":"GET_name","route_parameters":{"_controller":"[object] (Closure: {})","name":"favicon.ico","_route":"GET_name"},"request_uri":"http://cms.resultants-e.nl/favicon.ico","method":"GET"} []
[2017-01-21 16:09:41] app.DEBUG: > GET /favicon.ico [] []
[2017-01-21 16:09:41] app.DEBUG: < 200 [] []
[2017-01-21 16:09:43] app.INFO: Matched route "{route}". {"route":"GET_name","route_parameters":{"_controller":"[object] (Closure: {})","name":"meer-info","_route":"GET_name"},"request_uri":"http://cms.resultants-e.nl/meer-info","method":"GET"} []
[2017-01-21 16:09:43] app.DEBUG: > GET /meer-info [] []
[2017-01-21 16:09:43] app.DEBUG: < 200 [] []
[2017-01-21 16:09:43] app.ERROR: Symfony\Component\HttpKernel\Exception\NotFoundHttpException: No route found for "GET /themes/clean-blogcss/clean-blog.min.css" (from "http://cms.resultants-e.nl/meer-info") (uncaught exception) at /var/www/cms/vendor/symfony/http-kernel/EventListener/RouterListener.php line 125 {"exception":"[object] (Symfony\\Component\\HttpKernel\\Exception\\NotFoundHttpException(code: 0): No route found for \"GET /themes/clean-blogcss/clean-blog.min.css\" (from \"http://cms.resultants-e.nl/meer-info\") at /var/www/cms/vendor/symfony/http-kernel/EventListener/RouterListener.php:125, Symfony\\Component\\Routing\\Exception\\ResourceNotFoundException(code: 0): No routes found for \"/themes/clean-blogcss/clean-blog.min.css\". at /var/www/cms/vendor/symfony/routing/Matcher/UrlMatcher.php:98)"} []
[2017-01-21 16:09:43] app.INFO: Matched route "{route}". {"route":"GET_name","route_parameters":{"_controller":"[object] (Closure: {})","name":"example-image.jpg","_route":"GET_name"},"request_uri":"http://cms.resultants-e.nl/example-image.jpg","method":"GET"} []
[2017-01-21 16:09:43] app.DEBUG: > GET /example-image.jpg [] []
[2017-01-21 16:09:43] app.DEBUG: < 200 [] []
[2017-01-21 16:09:43] app.INFO: Matched route "{route}". {"route":"GET_name","route_parameters":{"_controller":"[object] (Closure: {})","name":"example-image.jpg","_route":"GET_name"},"request_uri":"http://cms.resultants-e.nl/example-image.jpg","method":"GET"} []
[2017-01-21 16:09:43] app.DEBUG: > GET /example-image.jpg [] []
[2017-01-21 16:09:43] app.DEBUG: < 200 [] []
[2017-01-21 16:09:43] app.INFO: Matched route "{route}". {"route":"GET_name","route_parameters":{"_controller":"[object] (Closure: {})","name":"favicon.ico","_route":"GET_name"},"request_uri":"http://cms.resultants-e.nl/favicon.ico","method":"GET"} []
[2017-01-21 16:09:43] app.DEBUG: > GET /favicon.ico [] []
[2017-01-21 16:09:43] app.DEBUG: < 200 [] []
[2017-01-21 16:09:47] app.INFO: Matched route "{route}". {"route":"GET_name","route_parameters":{"_controller":"[object] (Closure: {})","name":"over-ons","_route":"GET_name"},"request_uri":"http://cms.resultants-e.nl/over-ons","method":"GET"} []
[2017-01-21 16:09:47] app.DEBUG: > GET /over-ons [] []
[2017-01-21 16:09:47] app.DEBUG: < 200 [] []
[2017-01-21 16:09:47] app.ERROR: Symfony\Component\HttpKernel\Exception\NotFoundHttpException: No route found for "GET /themes/clean-blogcss/clean-blog.min.css" (from "http://cms.resultants-e.nl/over-ons") (uncaught exception) at /var/www/cms/vendor/symfony/http-kernel/EventListener/RouterListener.php line 125 {"exception":"[object] (Symfony\\Component\\HttpKernel\\Exception\\NotFoundHttpException(code: 0): No route found for \"GET /themes/clean-blogcss/clean-blog.min.css\" (from \"http://cms.resultants-e.nl/over-ons\") at /var/www/cms/vendor/symfony/http-kernel/EventListener/RouterListener.php:125, Symfony\\Component\\Routing\\Exception\\ResourceNotFoundException(code: 0): No routes found for \"/themes/clean-blogcss/clean-blog.min.css\". at /var/www/cms/vendor/symfony/routing/Matcher/UrlMatcher.php:98)"} []
[2017-01-21 16:09:48] app.INFO: Matched route "{route}". {"route":"GET_name","route_parameters":{"_controller":"[object] (Closure: {})","name":"favicon.ico","_route":"GET_name"},"request_uri":"http://cms.resultants-e.nl/favicon.ico","method":"GET"} []
[2017-01-21 16:09:48] app.DEBUG: > GET /favicon.ico [] []
[2017-01-21 16:09:48] app.DEBUG: < 200 [] []
[2017-01-21 16:10:10] app.ERROR: Symfony\Component\HttpKernel\Exception\NotFoundHttpException: No route found for "GET /themes/clean-blogcss/clean-blog.min.css" (from "http://cms.resultants-e.nl/over-ons") (uncaught exception) at /var/www/cms/vendor/symfony/http-kernel/EventListener/RouterListener.php line 125 {"exception":"[object] (Symfony\\Component\\HttpKernel\\Exception\\NotFoundHttpException(code: 0): No route found for \"GET /themes/clean-blogcss/clean-blog.min.css\" (from \"http://cms.resultants-e.nl/over-ons\") at /var/www/cms/vendor/symfony/http-kernel/EventListener/RouterListener.php:125, Symfony\\Component\\Routing\\Exception\\ResourceNotFoundException(code: 0): No routes found for \"/themes/clean-blogcss/clean-blog.min.css\". at /var/www/cms/vendor/symfony/routing/Matcher/UrlMatcher.php:98)"} []
[2017-01-21 16:11:21] app.INFO: Matched route "{route}". {"route":"GET_name","route_parameters":{"_controller":"[object] (Closure: {})","name":"over-ons","_route":"GET_name"},"request_uri":"http://cms.resultants-e.nl/over-ons","method":"GET"} []
[2017-01-21 16:11:21] app.DEBUG: > GET /over-ons [] []
[2017-01-21 16:11:21] app.DEBUG: < 200 [] []
[2017-01-21 16:11:21] app.INFO: Matched route "{route}". {"route":"GET_name","route_parameters":{"_controller":"[object] (Closure: {})","name":"favicon.ico","_route":"GET_name"},"request_uri":"http://cms.resultants-e.nl/favicon.ico","method":"GET"} []
[2017-01-21 16:11:21] app.DEBUG: > GET /favicon.ico [] []
[2017-01-21 16:11:21] app.DEBUG: < 200 [] []
[2017-01-21 16:13:55] app.INFO: Matched route "{route}". {"route":"GET_name","route_parameters":{"_controller":"[object] (Closure: {})","name":"over-ons","_route":"GET_name"},"request_uri":"http://cms.resultants-e.nl/over-ons","method":"GET"} []
[2017-01-21 16:13:55] app.DEBUG: > GET /over-ons [] []
[2017-01-21 16:13:55] app.DEBUG: < 200 [] []
[2017-01-21 16:13:55] app.ERROR: Symfony\Component\HttpKernel\Exception\NotFoundHttpException: No route found for "GET /themes/clean-blogcss/clean-blog.min.css" (from "http://cms.resultants-e.nl/over-ons") (uncaught exception) at /var/www/cms/vendor/symfony/http-kernel/EventListener/RouterListener.php line 125 {"exception":"[object] (Symfony\\Component\\HttpKernel\\Exception\\NotFoundHttpException(code: 0): No route found for \"GET /themes/clean-blogcss/clean-blog.min.css\" (from \"http://cms.resultants-e.nl/over-ons\") at /var/www/cms/vendor/symfony/http-kernel/EventListener/RouterListener.php:125, Symfony\\Component\\Routing\\Exception\\ResourceNotFoundException(code: 0): No routes found for \"/themes/clean-blogcss/clean-blog.min.css\". at /var/www/cms/vendor/symfony/routing/Matcher/UrlMatcher.php:98)"} []
[2017-01-21 16:13:56] app.INFO: Matched route "{route}". {"route":"GET_name","route_parameters":{"_controller":"[object] (Closure: {})","name":"favicon.ico","_route":"GET_name"},"request_uri":"http://cms.resultants-e.nl/favicon.ico","method":"GET"} []
[2017-01-21 16:13:56] app.DEBUG: > GET /favicon.ico [] []
[2017-01-21 16:13:56] app.DEBUG: < 200 [] []
[2017-01-21 16:14:44] app.INFO: Matched route "{route}". {"route":"GET_name","route_parameters":{"_controller":"[object] (Closure: {})","name":"over-ons","_route":"GET_name"},"request_uri":"http://cms.resultants-e.nl/over-ons","method":"GET"} []
[2017-01-21 16:14:44] app.DEBUG: > GET /over-ons [] []
[2017-01-21 16:14:44] app.DEBUG: < 200 [] []
[2017-01-21 16:14:45] app.INFO: Matched route "{route}". {"route":"GET_name","route_parameters":{"_controller":"[object] (Closure: {})","name":"favicon.ico","_route":"GET_name"},"request_uri":"http://cms.resultants-e.nl/favicon.ico","method":"GET"} []
[2017-01-21 16:14:45] app.DEBUG: > GET /favicon.ico [] []
[2017-01-21 16:14:45] app.DEBUG: < 200 [] []
[2017-01-21 16:15:58] app.INFO: Matched route "{route}". {"route":"GET_name","route_parameters":{"_controller":"[object] (Closure: {})","name":"over-ons","_route":"GET_name"},"request_uri":"http://cms.resultants-e.nl/over-ons","method":"GET"} []
[2017-01-21 16:15:58] app.DEBUG: > GET /over-ons [] []
[2017-01-21 16:15:58] app.DEBUG: < 200 [] []
[2017-01-21 16:15:59] app.INFO: Matched route "{route}". {"route":"GET_name","route_parameters":{"_controller":"[object] (Closure: {})","name":"favicon.ico","_route":"GET_name"},"request_uri":"http://cms.resultants-e.nl/favicon.ico","method":"GET"} []
[2017-01-21 16:15:59] app.DEBUG: > GET /favicon.ico [] []
[2017-01-21 16:15:59] app.DEBUG: < 200 [] []
[2017-01-21 16:16:19] app.INFO: Matched route "{route}". {"route":"GET_name","route_parameters":{"_controller":"[object] (Closure: {})","name":"over-ons","_route":"GET_name"},"request_uri":"http://cms.resultants-e.nl/over-ons","method":"GET"} []
[2017-01-21 16:16:19] app.DEBUG: > GET /over-ons [] []
[2017-01-21 16:16:19] app.DEBUG: < 200 [] []
[2017-01-21 16:16:20] app.INFO: Matched route "{route}". {"route":"GET_name","route_parameters":{"_controller":"[object] (Closure: {})","name":"favicon.ico","_route":"GET_name"},"request_uri":"http://cms.resultants-e.nl/favicon.ico","method":"GET"} []
[2017-01-21 16:16:20] app.DEBUG: > GET /favicon.ico [] []
[2017-01-21 16:16:20] app.DEBUG: < 200 [] []
[2017-01-21 16:16:21] app.INFO: Matched route "{route}". {"route":"GET_name","route_parameters":{"_controller":"[object] (Closure: {})","name":"meer-info","_route":"GET_name"},"request_uri":"http://cms.resultants-e.nl/meer-info","method":"GET"} []
[2017-01-21 16:16:21] app.DEBUG: > GET /meer-info [] []
[2017-01-21 16:16:21] app.DEBUG: < 200 [] []
[2017-01-21 16:16:21] app.INFO: Matched route "{route}". {"route":"GET_name","route_parameters":{"_controller":"[object] (Closure: {})","name":"example-image.jpg","_route":"GET_name"},"request_uri":"http://cms.resultants-e.nl/example-image.jpg","method":"GET"} []
[2017-01-21 16:16:21] app.DEBUG: > GET /example-image.jpg [] []
[2017-01-21 16:16:21] app.DEBUG: < 200 [] []
[2017-01-21 16:16:22] app.INFO: Matched route "{route}". {"route":"GET_name","route_parameters":{"_controller":"[object] (Closure: {})","name":"favicon.ico","_route":"GET_name"},"request_uri":"http://cms.resultants-e.nl/favicon.ico","method":"GET"} []
[2017-01-21 16:16:22] app.DEBUG: > GET /favicon.ico [] []
[2017-01-21 16:16:22] app.DEBUG: < 200 [] []
[2017-01-21 16:16:23] app.INFO: Matched route "{route}". {"route":"GET_name","route_parameters":{"_controller":"[object] (Closure: {})","name":"contact","_route":"GET_name"},"request_uri":"http://cms.resultants-e.nl/contact","method":"GET"} []
[2017-01-21 16:16:23] app.DEBUG: > GET /contact [] []
[2017-01-21 16:16:23] app.DEBUG: < 200 [] []
[2017-01-21 16:16:24] app.INFO: Matched route "{route}". {"route":"GET_name","route_parameters":{"_controller":"[object] (Closure: {})","name":"favicon.ico","_route":"GET_name"},"request_uri":"http://cms.resultants-e.nl/favicon.ico","method":"GET"} []
[2017-01-21 16:16:24] app.DEBUG: > GET /favicon.ico [] []
[2017-01-21 16:16:24] app.DEBUG: < 200 [] []
[2017-01-21 16:16:25] app.INFO: Matched route "{route}". {"route":"GET_","route_parameters":{"_controller":"[object] (Closure: {})","_route":"GET_"},"request_uri":"http://cms.resultants-e.nl/","method":"GET"} []
[2017-01-21 16:16:25] app.DEBUG: > GET / [] []
[2017-01-21 16:16:25] app.DEBUG: < 200 [] []
[2017-01-21 16:16:25] app.INFO: Matched route "{route}". {"route":"GET_name","route_parameters":{"_controller":"[object] (Closure: {})","name":"favicon.ico","_route":"GET_name"},"request_uri":"http://cms.resultants-e.nl/favicon.ico","method":"GET"} []
[2017-01-21 16:16:25] app.DEBUG: > GET /favicon.ico [] []
[2017-01-21 16:16:25] app.DEBUG: < 200 [] []
[2017-01-21 16:16:34] app.INFO: Matched route "{route}". {"route":"GET_name","route_parameters":{"_controller":"[object] (Closure: {})","name":"meer-info","_route":"GET_name"},"request_uri":"http://cms.resultants-e.nl/meer-info","method":"GET"} []
[2017-01-21 16:16:34] app.DEBUG: > GET /meer-info [] []
[2017-01-21 16:16:34] app.DEBUG: < 200 [] []
[2017-01-21 16:16:34] app.INFO: Matched route "{route}". {"route":"GET_name","route_parameters":{"_controller":"[object] (Closure: {})","name":"example-image.jpg","_route":"GET_name"},"request_uri":"http://cms.resultants-e.nl/example-image.jpg","method":"GET"} []
[2017-01-21 16:16:34] app.DEBUG: > GET /example-image.jpg [] []
[2017-01-21 16:16:34] app.DEBUG: < 200 [] []
[2017-01-21 16:16:35] app.INFO: Matched route "{route}". {"route":"GET_name","route_parameters":{"_controller":"[object] (Closure: {})","name":"favicon.ico","_route":"GET_name"},"request_uri":"http://cms.resultants-e.nl/favicon.ico","method":"GET"} []
[2017-01-21 16:16:35] app.DEBUG: > GET /favicon.ico [] []
[2017-01-21 16:16:35] app.DEBUG: < 200 [] []
[2017-01-21 16:16:36] app.INFO: Matched route "{route}". {"route":"GET_","route_parameters":{"_controller":"[object] (Closure: {})","_route":"GET_"},"request_uri":"http://cms.resultants-e.nl/","method":"GET"} []
[2017-01-21 16:16:36] app.DEBUG: > GET / [] []
[2017-01-21 16:16:36] app.DEBUG: < 200 [] []
[2017-01-21 16:16:36] app.INFO: Matched route "{route}". {"route":"GET_name","route_parameters":{"_controller":"[object] (Closure: {})","name":"favicon.ico","_route":"GET_name"},"request_uri":"http://cms.resultants-e.nl/favicon.ico","method":"GET"} []
[2017-01-21 16:16:36] app.DEBUG: > GET /favicon.ico [] []
[2017-01-21 16:16:36] app.DEBUG: < 200 [] []
[2017-01-21 16:16:37] app.INFO: Matched route "{route}". {"route":"GET_name","route_parameters":{"_controller":"[object] (Closure: {})","name":"over-ons","_route":"GET_name"},"request_uri":"http://cms.resultants-e.nl/over-ons","method":"GET"} []
[2017-01-21 16:16:37] app.DEBUG: > GET /over-ons [] []
[2017-01-21 16:16:37] app.DEBUG: < 200 [] []
[2017-01-21 16:16:38] app.INFO: Matched route "{route}". {"route":"GET_name","route_parameters":{"_controller":"[object] (Closure: {})","name":"favicon.ico","_route":"GET_name"},"request_uri":"http://cms.resultants-e.nl/favicon.ico","method":"GET"} []
[2017-01-21 16:16:38] app.DEBUG: > GET /favicon.ico [] []
[2017-01-21 16:16:38] app.DEBUG: < 200 [] []
[2017-01-21 16:16:39] app.INFO: Matched route "{route}". {"route":"GET_","route_parameters":{"_controller":"[object] (Closure: {})","_route":"GET_"},"request_uri":"http://cms.resultants-e.nl/","method":"GET"} []
[2017-01-21 16:16:39] app.DEBUG: > GET / [] []
[2017-01-21 16:16:39] app.DEBUG: < 200 [] []
[2017-01-21 16:16:39] app.INFO: Matched route "{route}". {"route":"GET_name","route_parameters":{"_controller":"[object] (Closure: {})","name":"favicon.ico","_route":"GET_name"},"request_uri":"http://cms.resultants-e.nl/favicon.ico","method":"GET"} []
[2017-01-21 16:16:39] app.DEBUG: > GET /favicon.ico [] []
[2017-01-21 16:16:39] app.DEBUG: < 200 [] []
[2017-01-21 16:16:42] app.INFO: Matched route "{route}". {"route":"GET_name","route_parameters":{"_controller":"[object] (Closure: {})","name":"over-ons","_route":"GET_name"},"request_uri":"http://cms.resultants-e.nl/over-ons","method":"GET"} []
[2017-01-21 16:16:42] app.DEBUG: > GET /over-ons [] []
[2017-01-21 16:16:42] app.DEBUG: < 200 [] []
[2017-01-21 16:16:42] app.INFO: Matched route "{route}". {"route":"GET_name","route_parameters":{"_controller":"[object] (Closure: {})","name":"favicon.ico","_route":"GET_name"},"request_uri":"http://cms.resultants-e.nl/favicon.ico","method":"GET"} []
[2017-01-21 16:16:42] app.DEBUG: > GET /favicon.ico [] []
[2017-01-21 16:16:42] app.DEBUG: < 200 [] []
[2017-01-21 16:16:43] app.INFO: Matched route "{route}". {"route":"GET_name","route_parameters":{"_controller":"[object] (Closure: {})","name":"meer-info","_route":"GET_name"},"request_uri":"http://cms.resultants-e.nl/meer-info","method":"GET"} []
[2017-01-21 16:16:43] app.DEBUG: > GET /meer-info [] []
[2017-01-21 16:16:43] app.DEBUG: < 200 [] []
[2017-01-21 16:16:44] app.INFO: Matched route "{route}". {"route":"GET_name","route_parameters":{"_controller":"[object] (Closure: {})","name":"example-image.jpg","_route":"GET_name"},"request_uri":"http://cms.resultants-e.nl/example-image.jpg","method":"GET"} []
[2017-01-21 16:16:44] app.DEBUG: > GET /example-image.jpg [] []
[2017-01-21 16:16:44] app.DEBUG: < 200 [] []
[2017-01-21 16:16:44] app.INFO: Matched route "{route}". {"route":"GET_name","route_parameters":{"_controller":"[object] (Closure: {})","name":"favicon.ico","_route":"GET_name"},"request_uri":"http://cms.resultants-e.nl/favicon.ico","method":"GET"} []
[2017-01-21 16:16:44] app.DEBUG: > GET /favicon.ico [] []
[2017-01-21 16:16:44] app.DEBUG: < 200 [] []
[2017-01-22 11:42:52] app.INFO: Matched route "{route}". {"route":"GET_name","route_parameters":{"_controller":"[object] (Closure: {})","name":"over-ons","_route":"GET_name"},"request_uri":"http://cms.resultants-e.nl/over-ons","method":"GET"} []
[2017-01-22 11:42:52] app.DEBUG: > GET /over-ons [] []
[2017-01-22 11:42:52] app.DEBUG: < 200 [] []
[2017-01-22 11:42:52] app.INFO: Matched route "{route}". {"route":"GET_name","route_parameters":{"_controller":"[object] (Closure: {})","name":"favicon.ico","_route":"GET_name"},"request_uri":"http://cms.resultants-e.nl/favicon.ico","method":"GET"} []
[2017-01-22 11:42:52] app.DEBUG: > GET /favicon.ico [] []
[2017-01-22 11:42:52] app.DEBUG: < 200 [] []
[2017-01-22 15:04:47] app.INFO: Matched route "{route}". {"route":"GET_","route_parameters":{"_controller":"[object] (Closure: {})","_route":"GET_"},"request_uri":"http://cms.resultants-e.nl/","method":"GET"} []
[2017-01-22 15:04:48] app.DEBUG: > GET / [] []
[2017-01-22 15:04:48] app.DEBUG: < 200 [] []
[2017-01-22 15:04:48] app.INFO: Matched route "{route}". {"route":"GET_name","route_parameters":{"_controller":"[object] (Closure: {})","name":"favicon.ico","_route":"GET_name"},"request_uri":"http://cms.resultants-e.nl/favicon.ico","method":"GET"} []
[2017-01-22 15:04:48] app.DEBUG: > GET /favicon.ico [] []
[2017-01-22 15:04:48] app.DEBUG: < 200 [] []
[2017-01-22 15:04:52] app.INFO: Matched route "{route}". {"route":"GET_","route_parameters":{"_controller":"[object] (Closure: {})","_route":"GET_"},"request_uri":"http://cms.resultants-e.nl/","method":"GET"} []
[2017-01-22 15:04:52] app.DEBUG: > GET / [] []
[2017-01-22 15:04:52] app.DEBUG: < 200 [] []
[2017-01-22 15:04:52] app.INFO: Matched route "{route}". {"route":"GET_name","route_parameters":{"_controller":"[object] (Closure: {})","name":"favicon.ico","_route":"GET_name"},"request_uri":"http://cms.resultants-e.nl/favicon.ico","method":"GET"} []
[2017-01-22 15:04:52] app.DEBUG: > GET /favicon.ico [] []
[2017-01-22 15:04:52] app.DEBUG: < 200 [] []
[2017-01-22 15:04:54] app.INFO: Matched route "{route}". {"route":"GET_name","route_parameters":{"_controller":"[object] (Closure: {})","name":"over-ons","_route":"GET_name"},"request_uri":"http://cms.resultants-e.nl/over-ons","method":"GET"} []
[2017-01-22 15:04:54] app.DEBUG: > GET /over-ons [] []
[2017-01-22 15:04:54] app.DEBUG: < 200 [] []
[2017-01-22 15:04:54] app.INFO: Matched route "{route}". {"route":"GET_name","route_parameters":{"_controller":"[object] (Closure: {})","name":"favicon.ico","_route":"GET_name"},"request_uri":"http://cms.resultants-e.nl/favicon.ico","method":"GET"} []
[2017-01-22 15:04:54] app.DEBUG: > GET /favicon.ico [] []
[2017-01-22 15:04:54] app.DEBUG: < 200 [] []
[2017-01-22 15:04:55] app.INFO: Matched route "{route}". {"route":"GET_name","route_parameters":{"_controller":"[object] (Closure: {})","name":"meer-info","_route":"GET_name"},"request_uri":"http://cms.resultants-e.nl/meer-info","method":"GET"} []
[2017-01-22 15:04:55] app.DEBUG: > GET /meer-info [] []
[2017-01-22 15:04:55] app.DEBUG: < 200 [] []
[2017-01-22 15:04:55] app.INFO: Matched route "{route}". {"route":"GET_name","route_parameters":{"_controller":"[object] (Closure: {})","name":"example-image.jpg","_route":"GET_name"},"request_uri":"http://cms.resultants-e.nl/example-image.jpg","method":"GET"} []
[2017-01-22 15:04:55] app.DEBUG: > GET /example-image.jpg [] []
[2017-01-22 15:04:55] app.DEBUG: < 200 [] []
[2017-01-22 15:04:56] app.INFO: Matched route "{route}". {"route":"GET_name","route_parameters":{"_controller":"[object] (Closure: {})","name":"favicon.ico","_route":"GET_name"},"request_uri":"http://cms.resultants-e.nl/favicon.ico","method":"GET"} []
[2017-01-22 15:04:56] app.DEBUG: > GET /favicon.ico [] []
[2017-01-22 15:04:56] app.DEBUG: < 200 [] []
[2017-01-22 15:04:57] app.INFO: Matched route "{route}". {"route":"GET_name","route_parameters":{"_controller":"[object] (Closure: {})","name":"contact","_route":"GET_name"},"request_uri":"http://cms.resultants-e.nl/contact","method":"GET"} []
[2017-01-22 15:04:57] app.DEBUG: > GET /contact [] []
[2017-01-22 15:04:57] app.DEBUG: < 200 [] []
[2017-01-22 15:04:57] app.INFO: Matched route "{route}". {"route":"GET_name","route_parameters":{"_controller":"[object] (Closure: {})","name":"favicon.ico","_route":"GET_name"},"request_uri":"http://cms.resultants-e.nl/favicon.ico","method":"GET"} []
[2017-01-22 15:04:57] app.DEBUG: > GET /favicon.ico [] []
[2017-01-22 15:04:57] app.DEBUG: < 200 [] []
[2017-01-22 15:04:58] app.INFO: Matched route "{route}". {"route":"GET_","route_parameters":{"_controller":"[object] (Closure: {})","_route":"GET_"},"request_uri":"http://cms.resultants-e.nl/","method":"GET"} []
[2017-01-22 15:04:58] app.DEBUG: > GET / [] []
[2017-01-22 15:04:58] app.DEBUG: < 200 [] []
[2017-01-22 15:04:58] app.INFO: Matched route "{route}". {"route":"GET_name","route_parameters":{"_controller":"[object] (Closure: {})","name":"favicon.ico","_route":"GET_name"},"request_uri":"http://cms.resultants-e.nl/favicon.ico","method":"GET"} []
[2017-01-22 15:04:58] app.DEBUG: > GET /favicon.ico [] []
[2017-01-22 15:04:58] app.DEBUG: < 200 [] []
[2017-01-22 15:05:45] app.INFO: Matched route "{route}". {"route":"GET_","route_parameters":{"_controller":"[object] (Closure: {})","_route":"GET_"},"request_uri":"http://cms.resultants-e.nl/","method":"GET"} []
[2017-01-22 15:05:45] app.DEBUG: > GET / [] []
[2017-01-22 15:05:45] app.DEBUG: < 200 [] []
[2017-01-22 15:05:45] app.INFO: Matched route "{route}". {"route":"GET_name","route_parameters":{"_controller":"[object] (Closure: {})","name":"favicon.ico","_route":"GET_name"},"request_uri":"http://cms.resultants-e.nl/favicon.ico","method":"GET"} []
[2017-01-22 15:05:45] app.DEBUG: > GET /favicon.ico [] []
[2017-01-22 15:05:45] app.DEBUG: < 200 [] []
